[0m[[0m[0mdebug[0m] [0m[0m> Exec(all {file:/Users/abhishekroy.chowdhary/udemy-scala-beginners-new/}root/products {file:/Users/abhishekroy.chowdhary/udemy-scala-beginners-new/}root/test:products, None, None)[0m
[0m[[0m[0mdebug[0m] [0m[0mEvaluating tasks: Compile / products, Test / products[0m
[0m[[0m[0mdebug[0m] [0m[0mRunning task... Cancel: Signal, check cycles: false, forcegc: true[0m
[0m[[0m[0minfo[0m] [0m[0mcompiling 1 Scala source to /Users/abhishekroy.chowdhary/udemy-scala-beginners-new/target/scala-3.1.2/classes ...[0m
[0m[[0m[31merror[0m] [0m[0m[31m-- [E007] Type Mismatch Error: /Users/abhishekroy.chowdhary/udemy-scala-beginners-new/src/main/scala/Exercises/MyList.scala:108:36 [0m[0m
[0m[[0m[31merror[0m] [0m[0m[31m108 |[0m  [33mval[0m [36mlistOfIntegers[0m: [35mMyList[Int][0m = ([31m1[0m,[31m2[0m,[31m3[0m,[31m4[0m)[0m
[0m[[0m[31merror[0m] [0m[0m    |                                    [31m^^^^^^^^^[0m[0m
[0m[[0m[31merror[0m] [0m[0m    |                                    Found:    (Int, Int, Int, Int)[0m
[0m[[0m[31merror[0m] [0m[0m    |                                    Required: Exercises.MyList[Int][0m
[0m[[0m[31merror[0m] [0m[0m[31m-- [E007] Type Mismatch Error: /Users/abhishekroy.chowdhary/udemy-scala-beginners-new/src/main/scala/Exercises/MyList.scala:109:37 [0m[0m
[0m[[0m[31merror[0m] [0m[0m[31m109 |[0m  [33mval[0m [36mlistOfIntegers1[0m: [35mMyList[Int][0m = ([31m5[0m,[31m6[0m,[31m7[0m,[31m8[0m)[0m
[0m[[0m[31merror[0m] [0m[0m    |                                     [31m^^^^^^^^^[0m[0m
[0m[[0m[31merror[0m] [0m[0m    |                                     Found:    (Int, Int, Int, Int)[0m
[0m[[0m[31merror[0m] [0m[0m    |                                     Required: Exercises.MyList[Int][0m
[0m[[0m[31merror[0m] [0m[0m[31m-- [E007] Type Mismatch Error: /Users/abhishekroy.chowdhary/udemy-scala-beginners-new/src/main/scala/Exercises/MyList.scala:110:38 [0m[0m
[0m[[0m[31merror[0m] [0m[0m[31m110 |[0m  [33mval[0m [36mlistOfStrings[0m: [35mMyList[String][0m = ([31m"Hi"[0m,[31m"Hello"[0m,[31m"World"[0m,[31m"Now"[0m)[0m
[0m[[0m[31merror[0m] [0m[0m    |                                      [31m^^^^^^^^^^^^^^^^^^^^^^^^^^^^[0m[0m
[0m[[0m[31merror[0m] [0m[0m    |                            Found:    (String, String, String, String)[0m
[0m[[0m[31merror[0m] [0m[0m    |                            Required: Exercises.MyList[String][0m
[0m[[0m[31merror[0m] [0m[0mthree errors found[0m
[0m[[0m[31merror[0m] [0m[0m(Compile / [31mcompileIncremental[0m) Compilation failed[0m
[0m[[0m[31merror[0m] [0m[0mTotal time: 0 s, completed 28-Feb-2023, 9:36:52 PM[0m
[0m[[0m[0mdebug[0m] [0m[0m> Exec(idea-shell, None, None)[0m
